app/build/intermediates/manifest_merge_blame_file/debug/manifest-merger-blame-debug-report.txt
1<?xml version="1.0" encoding="utf-8"?>
2<manifest xmlns:android="http://schemas.android.com/apk/res/android"
3    package="com.kookminuniv.team17.hotplace"
4    android:versionCode="1"
5    android:versionName="1.0" >
6
7    <uses-sdk
8        android:minSdkVersion="21"
8-->src\main\AndroidManifest.xml
9        android:targetSdkVersion="29" />
9-->src\main\AndroidManifest.xml
10
11    <uses-permission android:name="android.permission.WRITE_EXTERNAL_STORAGE" />
11-->src\main\AndroidManifest.xml:41:5-81
11-->src\main\AndroidManifest.xml:41:22-78
12    <uses-permission android:name="android.permission.ACCESS_NETWORK_STATE" /> <!-- 대략적인 위치정보 서비스 -->
12-->src\main\AndroidManifest.xml:42:5-79
12-->src\main\AndroidManifest.xml:42:22-76
13    <uses-permission android:name="android.permission.ACCESS_COARSE_LOCATION" /> <!-- 자세한 위치정보 서비스 -->
13-->src\main\AndroidManifest.xml:43:5-81
13-->src\main\AndroidManifest.xml:43:22-78
14    <uses-permission android:name="android.permission.ACCESS_FINE_LOCATION" /> <!-- 인터넷 접속 -->
14-->src\main\AndroidManifest.xml:44:5-79
14-->src\main\AndroidManifest.xml:44:22-76
15    <uses-permission android:name="android.permission.INTERNET" />
15-->src\main\AndroidManifest.xml:45:5-67
15-->src\main\AndroidManifest.xml:45:22-64
16    <uses-permission android:name="android.permission.READ_EXTERNAL_STORAGE" />
16-->src\main\AndroidManifest.xml:47:5-80
16-->src\main\AndroidManifest.xml:47:22-77
17
18    <uses-feature
18-->[com.google.android.gms:play-services-maps:17.0.0] AndroidManifest.xml:26:5-28:35
19        android:glEsVersion="0x00020000"
19-->[com.google.android.gms:play-services-maps:17.0.0] AndroidManifest.xml:27:9-41
20        android:required="true" />
20-->[com.google.android.gms:play-services-maps:17.0.0] AndroidManifest.xml:28:9-32
21
22    <application
22-->src\main\AndroidManifest.xml:5:5-40:19
23        android:allowBackup="true"
23-->src\main\AndroidManifest.xml:6:9-35
24        android:appComponentFactory="androidx.core.app.CoreComponentFactory"
24-->[androidx.core:core:1.3.1] AndroidManifest.xml:24:18-86
25        android:debuggable="true"
26        android:icon="@mipmap/ic_launcher"
26-->src\main\AndroidManifest.xml:7:9-43
27        android:label="@string/app_name"
27-->src\main\AndroidManifest.xml:8:9-41
28        android:roundIcon="@mipmap/ic_launcher_round"
28-->src\main\AndroidManifest.xml:9:9-54
29        android:supportsRtl="true"
29-->src\main\AndroidManifest.xml:10:9-35
30        android:theme="@style/AppTheme" >
30-->src\main\AndroidManifest.xml:11:9-40
31        <activity android:name="com.kookminuniv.team17.hotplace.MypageActivity" />
31-->src\main\AndroidManifest.xml:12:9-61
31-->src\main\AndroidManifest.xml:12:19-49
32        <activity
32-->src\main\AndroidManifest.xml:13:9-15:64
33            android:name="com.kookminuniv.team17.hotplace.ArticleWriteActivity"
33-->src\main\AndroidManifest.xml:14:13-49
34            android:windowSoftInputMode="adjustPan" />
34-->src\main\AndroidManifest.xml:15:13-52
35        <activity
35-->src\main\AndroidManifest.xml:16:9-18:64
36            android:name="com.kookminuniv.team17.hotplace.SignupActivity"
36-->src\main\AndroidManifest.xml:17:13-43
37            android:windowSoftInputMode="adjustPan" />
37-->src\main\AndroidManifest.xml:18:13-52
38        <activity
38-->src\main\AndroidManifest.xml:19:9-21:55
39            android:name="com.kookminuniv.team17.hotplace.LoginActivity"
39-->src\main\AndroidManifest.xml:20:13-42
40            android:windowSoftInputMode="adjustPan" />
40-->src\main\AndroidManifest.xml:21:13-52
41        <activity android:name="com.kookminuniv.team17.hotplace.LocationActivity" />
41-->src\main\AndroidManifest.xml:22:9-54
41-->src\main\AndroidManifest.xml:22:19-51
42        <activity android:name="com.kookminuniv.team17.hotplace.ArticleActivity" />
42-->src\main\AndroidManifest.xml:23:9-53
42-->src\main\AndroidManifest.xml:23:19-50
43        <activity android:name="com.kookminuniv.team17.hotplace.LogoActivity" >
43-->src\main\AndroidManifest.xml:24:9-30:20
43-->src\main\AndroidManifest.xml:24:19-47
44            <intent-filter>
44-->src\main\AndroidManifest.xml:25:13-29:29
45                <action android:name="android.intent.action.MAIN" />
45-->src\main\AndroidManifest.xml:26:17-69
45-->src\main\AndroidManifest.xml:26:25-66
46
47                <category android:name="android.intent.category.LAUNCHER" />
47-->src\main\AndroidManifest.xml:28:17-77
47-->src\main\AndroidManifest.xml:28:27-74
48            </intent-filter>
49        </activity>
50        <activity android:name="com.kookminuniv.team17.hotplace.MainActivity" />
50-->src\main\AndroidManifest.xml:31:9-50
50-->src\main\AndroidManifest.xml:31:19-47
51
52        <meta-data
52-->src\main\AndroidManifest.xml:33:9-35:71
53            android:name="com.google.android.geo.API_KEY"
53-->src\main\AndroidManifest.xml:34:13-58
54            android:value="AIzaSyDLxeZy4ZSX9IWJqlZWad-WGcd-kXkjBhQ" />
54-->src\main\AndroidManifest.xml:35:13-68
55
56        <uses-library
56-->src\main\AndroidManifest.xml:37:9-39:40
57            android:name="org.apache.http.legacy"
57-->src\main\AndroidManifest.xml:38:13-50
58            android:required="false" />
58-->src\main\AndroidManifest.xml:39:13-37
59
60        <activity
60-->[com.google.firebase:firebase-auth:16.0.5] AndroidManifest.xml:24:9-31:50
61            android:name="com.google.firebase.auth.internal.FederatedSignInActivity"
61-->[com.google.firebase:firebase-auth:16.0.5] AndroidManifest.xml:25:13-85
62            android:excludeFromRecents="true"
62-->[com.google.firebase:firebase-auth:16.0.5] AndroidManifest.xml:26:13-46
63            android:exported="true"
63-->[com.google.firebase:firebase-auth:16.0.5] AndroidManifest.xml:27:13-36
64            android:launchMode="singleTask"
64-->[com.google.firebase:firebase-auth:16.0.5] AndroidManifest.xml:28:13-44
65            android:permission="com.google.firebase.auth.api.gms.permission.LAUNCH_FEDERATED_SIGN_IN"
65-->[com.google.firebase:firebase-auth:16.0.5] AndroidManifest.xml:29:13-102
66            android:theme="@android:style/Theme.Translucent.NoTitleBar" />
66-->[com.google.firebase:firebase-auth:16.0.5] AndroidManifest.xml:30:13-72
67
68        <service
68-->[com.google.firebase:firebase-auth:16.0.5] AndroidManifest.xml:33:9-39:19
69            android:name="com.google.firebase.components.ComponentDiscoveryService"
69-->[com.google.firebase:firebase-auth:16.0.5] AndroidManifest.xml:34:13-84
70            android:exported="false" >
70-->[com.google.firebase:firebase-auth:16.0.5] AndroidManifest.xml:35:13-37
71            <meta-data
71-->[com.google.firebase:firebase-auth:16.0.5] AndroidManifest.xml:36:13-38:85
72                android:name="com.google.firebase.components:com.google.firebase.auth.FirebaseAuthRegistrar"
72-->[com.google.firebase:firebase-auth:16.0.5] AndroidManifest.xml:37:17-109
73                android:value="com.google.firebase.components.ComponentRegistrar" />
73-->[com.google.firebase:firebase-auth:16.0.5] AndroidManifest.xml:38:17-82
74        </service>
75
76        <activity
76-->[com.google.android.gms:play-services-base:17.0.0] AndroidManifest.xml:23:9-26:75
77            android:name="com.google.android.gms.common.api.GoogleApiActivity"
77-->[com.google.android.gms:play-services-base:17.0.0] AndroidManifest.xml:24:13-79
78            android:exported="false"
78-->[com.google.android.gms:play-services-base:17.0.0] AndroidManifest.xml:25:13-37
79            android:theme="@android:style/Theme.Translucent.NoTitleBar" />
79-->[com.google.android.gms:play-services-base:17.0.0] AndroidManifest.xml:26:13-72
80
81        <provider
81-->[com.google.firebase:firebase-common:16.0.3] AndroidManifest.xml:10:9-14:39
82            android:name="com.google.firebase.provider.FirebaseInitProvider"
82-->[com.google.firebase:firebase-common:16.0.3] AndroidManifest.xml:11:13-77
83            android:authorities="com.kookminuniv.team17.hotplace.firebaseinitprovider"
83-->[com.google.firebase:firebase-common:16.0.3] AndroidManifest.xml:12:13-72
84            android:exported="false"
84-->[com.google.firebase:firebase-common:16.0.3] AndroidManifest.xml:13:13-37
85            android:initOrder="100" />
85-->[com.google.firebase:firebase-common:16.0.3] AndroidManifest.xml:14:13-36
86
87        <meta-data
87-->[com.google.android.gms:play-services-basement:17.0.0] AndroidManifest.xml:23:9-25:69
88            android:name="com.google.android.gms.version"
88-->[com.google.android.gms:play-services-basement:17.0.0] AndroidManifest.xml:24:13-58
89            android:value="@integer/google_play_services_version" />
89-->[com.google.android.gms:play-services-basement:17.0.0] AndroidManifest.xml:25:13-66
90
91        <provider
91-->[androidx.lifecycle:lifecycle-process:2.2.0] AndroidManifest.xml:25:9-29:43
92            android:name="androidx.lifecycle.ProcessLifecycleOwnerInitializer"
92-->[androidx.lifecycle:lifecycle-process:2.2.0] AndroidManifest.xml:26:13-79
93            android:authorities="com.kookminuniv.team17.hotplace.lifecycle-process"
93-->[androidx.lifecycle:lifecycle-process:2.2.0] AndroidManifest.xml:27:13-69
94            android:exported="false"
94-->[androidx.lifecycle:lifecycle-process:2.2.0] AndroidManifest.xml:28:13-37
95            android:multiprocess="true" />
95-->[androidx.lifecycle:lifecycle-process:2.2.0] AndroidManifest.xml:29:13-40
96    </application>
97
98</manifest>